2018-08-27 14:06:11.036  INFO 11000 --- [restartedMain] c.e.e.EclEcommerceApplication            : Starting EclEcommerceApplication on DESKTOP-Q16M7MI with PID 11000 (E:\STS-Workplace\ecl-ecommerce\target\classes started by Md Jihad Hossain in E:\STS-Workplace\ecl-ecommerce)
2018-08-27 14:06:11.042  INFO 11000 --- [restartedMain] c.e.e.EclEcommerceApplication            : No active profile set, falling back to default profiles: default
2018-08-27 14:06:11.474  INFO 11000 --- [restartedMain] ConfigServletWebServerApplicationContext : Refreshing org.springframework.boot.web.servlet.context.AnnotationConfigServletWebServerApplicationContext@28196742: startup date [Mon Aug 27 14:06:11 BDT 2018]; root of context hierarchy
2018-08-27 14:06:13.337  INFO 11000 --- [restartedMain] o.s.b.w.embedded.tomcat.TomcatWebServer  : Tomcat initialized with port(s): 8080 (http)
2018-08-27 14:06:13.356  INFO 11000 --- [restartedMain] o.apache.catalina.core.StandardService   : Starting service [Tomcat]
2018-08-27 14:06:13.357  INFO 11000 --- [restartedMain] org.apache.catalina.core.StandardEngine  : Starting Servlet Engine: Apache Tomcat/8.5.32
2018-08-27 14:06:13.361  INFO 11000 --- [localhost-startStop-1] o.a.catalina.core.AprLifecycleListener   : The APR based Apache Tomcat Native library which allows optimal performance in production environments was not found on the java.library.path: [C:\Program Files\Java\jre1.8.0_171\bin;C:\WINDOWS\Sun\Java\bin;C:\WINDOWS\system32;C:\WINDOWS;C:/Program Files/Java/jre1.8.0_171/bin/server;C:/Program Files/Java/jre1.8.0_171/bin;C:/Program Files/Java/jre1.8.0_171/lib/amd64;C:\jet15.0-eval-amd64\bin;C:\Program Files (x86)\Common Files\Oracle\Java\javapath;C:\ProgramData\Oracle\Java\javapath;C:\WINDOWS\system32;C:\WINDOWS;C:\WINDOWS\System32\Wbem;C:\WINDOWS\System32\WindowsPowerShell\v1.0\;C:\Program Files\Java\jdk1.8.0_161\bin;C:\Program Files\Java\jre1.8.0_161\bin;C:\Program Files (x86)\Windows Kits\8.1\Windows Performance Toolkit\;C:\Program Files\Microsoft SQL Server\110\Tools\Binn\;C:\Program Files\MySQL\MySQL Utilities 1.6\;C:\Program Files (x86)\Brackets\command;C:\WINDOWS\System32\OpenSSH\;C:\Program Files\Git\cmd;C:\ProgramData\Oracle\Java\javapath;C:\WINDOWS\system32;C:\WINDOWS;C:\WINDOWS\System32\Wbem;C:\WINDOWS\System32\WindowsPowerShell\v1.0\;C:\Program Files\Java\jdk1.8.0_161\bin;C:\Program Files\Java\jre1.8.0_161\bin;C:\Users\Md Jihad Hossain\AppData\Local\Microsoft\WindowsApps;;E:\sts-bundle\sts-3.9.4.RELEASE;;.]
2018-08-27 14:06:13.455  INFO 11000 --- [localhost-startStop-1] o.a.c.c.C.[Tomcat].[localhost].[/]       : Initializing Spring embedded WebApplicationContext
2018-08-27 14:06:13.455  INFO 11000 --- [localhost-startStop-1] o.s.web.context.ContextLoader            : Root WebApplicationContext: initialization completed in 1981 ms
2018-08-27 14:06:13.547  INFO 11000 --- [localhost-startStop-1] o.s.b.w.servlet.ServletRegistrationBean  : Servlet dispatcherServlet mapped to [/]
2018-08-27 14:06:13.550  INFO 11000 --- [localhost-startStop-1] o.s.b.w.servlet.FilterRegistrationBean   : Mapping filter: 'characterEncodingFilter' to: [/*]
2018-08-27 14:06:13.550  INFO 11000 --- [localhost-startStop-1] o.s.b.w.servlet.FilterRegistrationBean   : Mapping filter: 'hiddenHttpMethodFilter' to: [/*]
2018-08-27 14:06:13.550  INFO 11000 --- [localhost-startStop-1] o.s.b.w.servlet.FilterRegistrationBean   : Mapping filter: 'httpPutFormContentFilter' to: [/*]
2018-08-27 14:06:13.550  INFO 11000 --- [localhost-startStop-1] o.s.b.w.servlet.FilterRegistrationBean   : Mapping filter: 'requestContextFilter' to: [/*]
2018-08-27 14:06:13.657  INFO 11000 --- [restartedMain] o.s.w.s.handler.SimpleUrlHandlerMapping  : Mapped URL path [/**/favicon.ico] onto handler of type [class org.springframework.web.servlet.resource.ResourceHttpRequestHandler]
2018-08-27 14:06:13.844  INFO 11000 --- [restartedMain] s.w.s.m.m.a.RequestMappingHandlerAdapter : Looking for @ControllerAdvice: org.springframework.boot.web.servlet.context.AnnotationConfigServletWebServerApplicationContext@28196742: startup date [Mon Aug 27 14:06:11 BDT 2018]; root of context hierarchy
2018-08-27 14:06:13.877  INFO 11000 --- [restartedMain] s.w.s.m.m.a.RequestMappingHandlerMapping : Mapped "{[/],methods=[GET]}" onto public java.lang.String com.example.eclecommerce.controllers.HomeController.home()
2018-08-27 14:06:13.881  INFO 11000 --- [restartedMain] s.w.s.m.m.a.RequestMappingHandlerMapping : Mapped "{[/error]}" onto public org.springframework.http.ResponseEntity<java.util.Map<java.lang.String, java.lang.Object>> org.springframework.boot.autoconfigure.web.servlet.error.BasicErrorController.error(javax.servlet.http.HttpServletRequest)
2018-08-27 14:06:13.881  INFO 11000 --- [restartedMain] s.w.s.m.m.a.RequestMappingHandlerMapping : Mapped "{[/error],produces=[text/html]}" onto public org.springframework.web.servlet.ModelAndView org.springframework.boot.autoconfigure.web.servlet.error.BasicErrorController.errorHtml(javax.servlet.http.HttpServletRequest,javax.servlet.http.HttpServletResponse)
2018-08-27 14:06:13.895  INFO 11000 --- [restartedMain] o.s.w.s.handler.SimpleUrlHandlerMapping  : Mapped URL path [/webjars/**] onto handler of type [class org.springframework.web.servlet.resource.ResourceHttpRequestHandler]
2018-08-27 14:06:13.895  INFO 11000 --- [restartedMain] o.s.w.s.handler.SimpleUrlHandlerMapping  : Mapped URL path [/**] onto handler of type [class org.springframework.web.servlet.resource.ResourceHttpRequestHandler]
2018-08-27 14:06:14.135  INFO 11000 --- [restartedMain] o.s.b.a.w.s.WelcomePageHandlerMapping    : Adding welcome page template: index
2018-08-27 14:06:14.264  INFO 11000 --- [restartedMain] o.s.b.d.a.OptionalLiveReloadServer       : LiveReload server is running on port 35729
2018-08-27 14:06:14.295  INFO 11000 --- [restartedMain] o.s.j.e.a.AnnotationMBeanExporter        : Registering beans for JMX exposure on startup
2018-08-27 14:06:14.362  INFO 11000 --- [restartedMain] o.s.b.w.embedded.tomcat.TomcatWebServer  : Tomcat started on port(s): 8080 (http) with context path ''
2018-08-27 14:06:14.366  INFO 11000 --- [restartedMain] c.e.e.EclEcommerceApplication            : Started EclEcommerceApplication in 4.088 seconds (JVM running for 6.044)
2018-08-27 14:08:15.935  INFO 11000 --- [http-nio-8080-exec-1] o.a.c.c.C.[Tomcat].[localhost].[/]       : Initializing Spring FrameworkServlet 'dispatcherServlet'
2018-08-27 14:08:15.935  INFO 11000 --- [http-nio-8080-exec-1] o.s.web.servlet.DispatcherServlet        : FrameworkServlet 'dispatcherServlet': initialization started
2018-08-27 14:08:15.946  INFO 11000 --- [http-nio-8080-exec-1] o.s.web.servlet.DispatcherServlet        : FrameworkServlet 'dispatcherServlet': initialization completed in 11 ms
2018-08-27 14:08:16.234  WARN 11000 --- [http-nio-8080-exec-1] n.n.u.t.decorators.DecoratorProcessor    : The layout:decorator/data-layout-decorator processor has been deprecated and will be removed in the next major version of the layout dialect.  Please use layout:decorate/data-layout-decorate instead to future-proof your code.  See https://github.com/ultraq/thymeleaf-layout-dialect/issues/95 for more information.
2018-08-27 14:08:16.301  WARN 11000 --- [http-nio-8080-exec-1] n.n.u.t.expressions.ExpressionProcessor  : Fragment expression "layouts/header_footer" is being wrapped as a Thymeleaf 3 fragment expression (~{...}) for backwards compatibility purposes.  This wrapping will be dropped in the next major version of the expression processor, so please rewrite as a Thymeleaf 3 fragment expression to future-proof your code.  See https://github.com/thymeleaf/thymeleaf/issues/451 for more information.
2018-08-27 14:16:05.594  INFO 11000 --- [Thread-6] ConfigServletWebServerApplicationContext : Closing org.springframework.boot.web.servlet.context.AnnotationConfigServletWebServerApplicationContext@28196742: startup date [Mon Aug 27 14:06:11 BDT 2018]; root of context hierarchy
2018-08-27 14:16:05.611  INFO 11000 --- [Thread-6] o.s.j.e.a.AnnotationMBeanExporter        : Unregistering JMX-exposed beans on shutdown
2018-08-27 14:16:05.955  INFO 11000 --- [restartedMain] c.e.e.EclEcommerceApplication            : Starting EclEcommerceApplication on DESKTOP-Q16M7MI with PID 11000 (E:\STS-Workplace\ecl-ecommerce\target\classes started by Md Jihad Hossain in E:\STS-Workplace\ecl-ecommerce)
2018-08-27 14:16:05.955  INFO 11000 --- [restartedMain] c.e.e.EclEcommerceApplication            : No active profile set, falling back to default profiles: default
2018-08-27 14:16:05.955  INFO 11000 --- [restartedMain] ConfigServletWebServerApplicationContext : Refreshing org.springframework.boot.web.servlet.context.AnnotationConfigServletWebServerApplicationContext@622fa134: startup date [Mon Aug 27 14:16:05 BDT 2018]; root of context hierarchy
2018-08-27 14:16:06.182  INFO 11000 --- [restartedMain] o.s.b.w.embedded.tomcat.TomcatWebServer  : Tomcat initialized with port(s): 8080 (http)
2018-08-27 14:16:06.182  INFO 11000 --- [restartedMain] o.apache.catalina.core.StandardService   : Starting service [Tomcat]
2018-08-27 14:16:06.182  INFO 11000 --- [restartedMain] org.apache.catalina.core.StandardEngine  : Starting Servlet Engine: Apache Tomcat/8.5.32
2018-08-27 14:16:06.197  INFO 11000 --- [localhost-startStop-1] o.a.c.c.C.[Tomcat].[localhost].[/]       : Initializing Spring embedded WebApplicationContext
2018-08-27 14:16:06.197  INFO 11000 --- [localhost-startStop-1] o.s.web.context.ContextLoader            : Root WebApplicationContext: initialization completed in 242 ms
2018-08-27 14:16:06.197  INFO 11000 --- [localhost-startStop-1] o.s.b.w.servlet.ServletRegistrationBean  : Servlet dispatcherServlet mapped to [/]
2018-08-27 14:16:06.197  INFO 11000 --- [localhost-startStop-1] o.s.b.w.servlet.FilterRegistrationBean   : Mapping filter: 'characterEncodingFilter' to: [/*]
2018-08-27 14:16:06.197  INFO 11000 --- [localhost-startStop-1] o.s.b.w.servlet.FilterRegistrationBean   : Mapping filter: 'hiddenHttpMethodFilter' to: [/*]
2018-08-27 14:16:06.197  INFO 11000 --- [localhost-startStop-1] o.s.b.w.servlet.FilterRegistrationBean   : Mapping filter: 'httpPutFormContentFilter' to: [/*]
2018-08-27 14:16:06.197  INFO 11000 --- [localhost-startStop-1] o.s.b.w.servlet.FilterRegistrationBean   : Mapping filter: 'requestContextFilter' to: [/*]
2018-08-27 14:16:06.213  INFO 11000 --- [restartedMain] o.s.w.s.handler.SimpleUrlHandlerMapping  : Mapped URL path [/**/favicon.ico] onto handler of type [class org.springframework.web.servlet.resource.ResourceHttpRequestHandler]
2018-08-27 14:16:06.229  INFO 11000 --- [restartedMain] s.w.s.m.m.a.RequestMappingHandlerAdapter : Looking for @ControllerAdvice: org.springframework.boot.web.servlet.context.AnnotationConfigServletWebServerApplicationContext@622fa134: startup date [Mon Aug 27 14:16:05 BDT 2018]; root of context hierarchy
2018-08-27 14:16:06.229  INFO 11000 --- [restartedMain] s.w.s.m.m.a.RequestMappingHandlerMapping : Mapped "{[/],methods=[GET]}" onto public java.lang.String com.example.eclecommerce.controllers.HomeController.home()
2018-08-27 14:16:06.244  INFO 11000 --- [restartedMain] s.w.s.m.m.a.RequestMappingHandlerMapping : Mapped "{[/error]}" onto public org.springframework.http.ResponseEntity<java.util.Map<java.lang.String, java.lang.Object>> org.springframework.boot.autoconfigure.web.servlet.error.BasicErrorController.error(javax.servlet.http.HttpServletRequest)
2018-08-27 14:16:06.244  INFO 11000 --- [restartedMain] s.w.s.m.m.a.RequestMappingHandlerMapping : Mapped "{[/error],produces=[text/html]}" onto public org.springframework.web.servlet.ModelAndView org.springframework.boot.autoconfigure.web.servlet.error.BasicErrorController.errorHtml(javax.servlet.http.HttpServletRequest,javax.servlet.http.HttpServletResponse)
2018-08-27 14:16:06.244  INFO 11000 --- [restartedMain] o.s.w.s.handler.SimpleUrlHandlerMapping  : Mapped URL path [/webjars/**] onto handler of type [class org.springframework.web.servlet.resource.ResourceHttpRequestHandler]
2018-08-27 14:16:06.244  INFO 11000 --- [restartedMain] o.s.w.s.handler.SimpleUrlHandlerMapping  : Mapped URL path [/**] onto handler of type [class org.springframework.web.servlet.resource.ResourceHttpRequestHandler]
2018-08-27 14:16:06.260  INFO 11000 --- [restartedMain] o.s.b.a.w.s.WelcomePageHandlerMapping    : Adding welcome page template: index
2018-08-27 14:16:06.276  INFO 11000 --- [restartedMain] o.s.b.d.a.OptionalLiveReloadServer       : LiveReload server is running on port 35729
2018-08-27 14:16:06.291  INFO 11000 --- [restartedMain] o.s.j.e.a.AnnotationMBeanExporter        : Registering beans for JMX exposure on startup
2018-08-27 14:16:06.291  INFO 11000 --- [restartedMain] o.s.b.w.embedded.tomcat.TomcatWebServer  : Tomcat started on port(s): 8080 (http) with context path ''
2018-08-27 14:16:06.307  INFO 11000 --- [restartedMain] c.e.e.EclEcommerceApplication            : Started EclEcommerceApplication in 0.383 seconds (JVM running for 597.985)
2018-08-27 14:16:06.307  INFO 11000 --- [restartedMain] .ConditionEvaluationDeltaLoggingListener : Condition evaluation unchanged
2018-08-27 14:20:05.761  INFO 11000 --- [Thread-10] ConfigServletWebServerApplicationContext : Closing org.springframework.boot.web.servlet.context.AnnotationConfigServletWebServerApplicationContext@622fa134: startup date [Mon Aug 27 14:16:05 BDT 2018]; root of context hierarchy
2018-08-27 14:20:05.763  INFO 11000 --- [Thread-10] o.s.j.e.a.AnnotationMBeanExporter        : Unregistering JMX-exposed beans on shutdown
2018-08-27 14:20:09.331  INFO 11000 --- [restartedMain] c.e.e.EclEcommerceApplication            : Starting EclEcommerceApplication on DESKTOP-Q16M7MI with PID 11000 (E:\STS-Workplace\ecl-ecommerce\target\classes started by Md Jihad Hossain in E:\STS-Workplace\ecl-ecommerce)
2018-08-27 14:20:09.331  INFO 11000 --- [restartedMain] c.e.e.EclEcommerceApplication            : No active profile set, falling back to default profiles: default
2018-08-27 14:20:09.332  INFO 11000 --- [restartedMain] ConfigServletWebServerApplicationContext : Refreshing org.springframework.boot.web.servlet.context.AnnotationConfigServletWebServerApplicationContext@2fb75b2f: startup date [Mon Aug 27 14:20:09 BDT 2018]; root of context hierarchy
2018-08-27 14:20:09.511  INFO 11000 --- [restartedMain] o.s.b.w.embedded.tomcat.TomcatWebServer  : Tomcat initialized with port(s): 8080 (http)
2018-08-27 14:20:09.512  INFO 11000 --- [restartedMain] o.apache.catalina.core.StandardService   : Starting service [Tomcat]
2018-08-27 14:20:09.512  INFO 11000 --- [restartedMain] org.apache.catalina.core.StandardEngine  : Starting Servlet Engine: Apache Tomcat/8.5.32
2018-08-27 14:20:09.532  INFO 11000 --- [localhost-startStop-1] o.a.c.c.C.[Tomcat].[localhost].[/]       : Initializing Spring embedded WebApplicationContext
2018-08-27 14:20:09.532  INFO 11000 --- [localhost-startStop-1] o.s.web.context.ContextLoader            : Root WebApplicationContext: initialization completed in 200 ms
2018-08-27 14:20:09.538  INFO 11000 --- [localhost-startStop-1] o.s.b.w.servlet.ServletRegistrationBean  : Servlet dispatcherServlet mapped to [/]
2018-08-27 14:20:09.538  INFO 11000 --- [localhost-startStop-1] o.s.b.w.servlet.FilterRegistrationBean   : Mapping filter: 'characterEncodingFilter' to: [/*]
2018-08-27 14:20:09.538  INFO 11000 --- [localhost-startStop-1] o.s.b.w.servlet.FilterRegistrationBean   : Mapping filter: 'hiddenHttpMethodFilter' to: [/*]
2018-08-27 14:20:09.538  INFO 11000 --- [localhost-startStop-1] o.s.b.w.servlet.FilterRegistrationBean   : Mapping filter: 'httpPutFormContentFilter' to: [/*]
2018-08-27 14:20:09.539  INFO 11000 --- [localhost-startStop-1] o.s.b.w.servlet.FilterRegistrationBean   : Mapping filter: 'requestContextFilter' to: [/*]
2018-08-27 14:20:09.550  INFO 11000 --- [restartedMain] o.s.w.s.handler.SimpleUrlHandlerMapping  : Mapped URL path [/**/favicon.ico] onto handler of type [class org.springframework.web.servlet.resource.ResourceHttpRequestHandler]
2018-08-27 14:20:09.565  INFO 11000 --- [restartedMain] s.w.s.m.m.a.RequestMappingHandlerAdapter : Looking for @ControllerAdvice: org.springframework.boot.web.servlet.context.AnnotationConfigServletWebServerApplicationContext@2fb75b2f: startup date [Mon Aug 27 14:20:09 BDT 2018]; root of context hierarchy
2018-08-27 14:20:09.569  INFO 11000 --- [restartedMain] s.w.s.m.m.a.RequestMappingHandlerMapping : Mapped "{[/],methods=[GET]}" onto public java.lang.String com.example.eclecommerce.controllers.HomeController.home()
2018-08-27 14:20:09.570  INFO 11000 --- [restartedMain] s.w.s.m.m.a.RequestMappingHandlerMapping : Mapped "{[/error]}" onto public org.springframework.http.ResponseEntity<java.util.Map<java.lang.String, java.lang.Object>> org.springframework.boot.autoconfigure.web.servlet.error.BasicErrorController.error(javax.servlet.http.HttpServletRequest)
2018-08-27 14:20:09.571  INFO 11000 --- [restartedMain] s.w.s.m.m.a.RequestMappingHandlerMapping : Mapped "{[/error],produces=[text/html]}" onto public org.springframework.web.servlet.ModelAndView org.springframework.boot.autoconfigure.web.servlet.error.BasicErrorController.errorHtml(javax.servlet.http.HttpServletRequest,javax.servlet.http.HttpServletResponse)
2018-08-27 14:20:09.574  INFO 11000 --- [restartedMain] o.s.w.s.handler.SimpleUrlHandlerMapping  : Mapped URL path [/webjars/**] onto handler of type [class org.springframework.web.servlet.resource.ResourceHttpRequestHandler]
2018-08-27 14:20:09.575  INFO 11000 --- [restartedMain] o.s.w.s.handler.SimpleUrlHandlerMapping  : Mapped URL path [/**] onto handler of type [class org.springframework.web.servlet.resource.ResourceHttpRequestHandler]
2018-08-27 14:20:09.590  INFO 11000 --- [restartedMain] o.s.b.a.w.s.WelcomePageHandlerMapping    : Adding welcome page template: index
2018-08-27 14:20:09.607  INFO 11000 --- [restartedMain] o.s.b.d.a.OptionalLiveReloadServer       : LiveReload server is running on port 35729
2018-08-27 14:20:09.616  INFO 11000 --- [restartedMain] o.s.j.e.a.AnnotationMBeanExporter        : Registering beans for JMX exposure on startup
2018-08-27 14:20:09.624  INFO 11000 --- [restartedMain] o.s.b.w.embedded.tomcat.TomcatWebServer  : Tomcat started on port(s): 8080 (http) with context path ''
2018-08-27 14:20:09.624  INFO 11000 --- [restartedMain] c.e.e.EclEcommerceApplication            : Started EclEcommerceApplication in 0.309 seconds (JVM running for 841.302)
2018-08-27 14:20:09.625  INFO 11000 --- [restartedMain] .ConditionEvaluationDeltaLoggingListener : Condition evaluation unchanged
2018-08-27 14:20:25.296  INFO 11000 --- [http-nio-8080-exec-1] o.a.c.c.C.[Tomcat].[localhost].[/]       : Initializing Spring FrameworkServlet 'dispatcherServlet'
2018-08-27 14:20:25.296  INFO 11000 --- [http-nio-8080-exec-1] o.s.web.servlet.DispatcherServlet        : FrameworkServlet 'dispatcherServlet': initialization started
2018-08-27 14:20:25.297  INFO 11000 --- [http-nio-8080-exec-1] o.s.web.servlet.DispatcherServlet        : FrameworkServlet 'dispatcherServlet': initialization completed in 1 ms
2018-08-27 14:23:21.810  INFO 11000 --- [RMI TCP Connection(2)-127.0.0.1] inMXBeanRegistrar$SpringApplicationAdmin : Application shutdown requested.
2018-08-27 14:23:21.811  INFO 11000 --- [RMI TCP Connection(2)-127.0.0.1] ConfigServletWebServerApplicationContext : Closing org.springframework.boot.web.servlet.context.AnnotationConfigServletWebServerApplicationContext@2fb75b2f: startup date [Mon Aug 27 14:20:09 BDT 2018]; root of context hierarchy
2018-08-27 14:23:21.812  INFO 11000 --- [RMI TCP Connection(2)-127.0.0.1] o.s.j.e.a.AnnotationMBeanExporter        : Unregistering JMX-exposed beans on shutdown
2018-08-27 14:36:02.442  INFO 10872 --- [restartedMain] c.e.e.EclEcommerceApplication            : Starting EclEcommerceApplication on DESKTOP-Q16M7MI with PID 10872 (E:\STS-Workplace\ecl-ecommerce\target\classes started by Md Jihad Hossain in E:\STS-Workplace\ecl-ecommerce)
2018-08-27 14:36:02.443  INFO 10872 --- [restartedMain] c.e.e.EclEcommerceApplication            : No active profile set, falling back to default profiles: default
2018-08-27 14:36:02.576  INFO 10872 --- [restartedMain] ConfigServletWebServerApplicationContext : Refreshing org.springframework.boot.web.servlet.context.AnnotationConfigServletWebServerApplicationContext@31657eb2: startup date [Mon Aug 27 14:36:02 BDT 2018]; root of context hierarchy
2018-08-27 14:36:03.284  INFO 10872 --- [restartedMain] o.s.b.w.embedded.tomcat.TomcatWebServer  : Tomcat initialized with port(s): 8080 (http)
2018-08-27 14:36:03.296  INFO 10872 --- [restartedMain] o.apache.catalina.core.StandardService   : Starting service [Tomcat]
2018-08-27 14:36:03.296  INFO 10872 --- [restartedMain] org.apache.catalina.core.StandardEngine  : Starting Servlet Engine: Apache Tomcat/8.5.32
2018-08-27 14:36:03.299  INFO 10872 --- [localhost-startStop-1] o.a.catalina.core.AprLifecycleListener   : The APR based Apache Tomcat Native library which allows optimal performance in production environments was not found on the java.library.path: [C:\Program Files\Java\jre1.8.0_171\bin;C:\WINDOWS\Sun\Java\bin;C:\WINDOWS\system32;C:\WINDOWS;C:/Program Files/Java/jre1.8.0_171/bin/server;C:/Program Files/Java/jre1.8.0_171/bin;C:/Program Files/Java/jre1.8.0_171/lib/amd64;C:\jet15.0-eval-amd64\bin;C:\Program Files (x86)\Common Files\Oracle\Java\javapath;C:\ProgramData\Oracle\Java\javapath;C:\WINDOWS\system32;C:\WINDOWS;C:\WINDOWS\System32\Wbem;C:\WINDOWS\System32\WindowsPowerShell\v1.0\;C:\Program Files\Java\jdk1.8.0_161\bin;C:\Program Files\Java\jre1.8.0_161\bin;C:\Program Files (x86)\Windows Kits\8.1\Windows Performance Toolkit\;C:\Program Files\Microsoft SQL Server\110\Tools\Binn\;C:\Program Files\MySQL\MySQL Utilities 1.6\;C:\Program Files (x86)\Brackets\command;C:\WINDOWS\System32\OpenSSH\;C:\Program Files\Git\cmd;C:\ProgramData\Oracle\Java\javapath;C:\WINDOWS\system32;C:\WINDOWS;C:\WINDOWS\System32\Wbem;C:\WINDOWS\System32\WindowsPowerShell\v1.0\;C:\Program Files\Java\jdk1.8.0_161\bin;C:\Program Files\Java\jre1.8.0_161\bin;C:\Users\Md Jihad Hossain\AppData\Local\Microsoft\WindowsApps;;E:\sts-bundle\sts-3.9.4.RELEASE;;.]
2018-08-27 14:36:03.355  INFO 10872 --- [localhost-startStop-1] o.a.c.c.C.[Tomcat].[localhost].[/]       : Initializing Spring embedded WebApplicationContext
2018-08-27 14:36:03.356  INFO 10872 --- [localhost-startStop-1] o.s.web.context.ContextLoader            : Root WebApplicationContext: initialization completed in 780 ms
2018-08-27 14:36:03.401  INFO 10872 --- [localhost-startStop-1] o.s.b.w.servlet.ServletRegistrationBean  : Servlet dispatcherServlet mapped to [/]
2018-08-27 14:36:03.404  INFO 10872 --- [localhost-startStop-1] o.s.b.w.servlet.FilterRegistrationBean   : Mapping filter: 'characterEncodingFilter' to: [/*]
2018-08-27 14:36:03.405  INFO 10872 --- [localhost-startStop-1] o.s.b.w.servlet.FilterRegistrationBean   : Mapping filter: 'hiddenHttpMethodFilter' to: [/*]
2018-08-27 14:36:03.405  INFO 10872 --- [localhost-startStop-1] o.s.b.w.servlet.FilterRegistrationBean   : Mapping filter: 'httpPutFormContentFilter' to: [/*]
2018-08-27 14:36:03.405  INFO 10872 --- [localhost-startStop-1] o.s.b.w.servlet.FilterRegistrationBean   : Mapping filter: 'requestContextFilter' to: [/*]
2018-08-27 14:36:03.485  INFO 10872 --- [restartedMain] o.s.w.s.handler.SimpleUrlHandlerMapping  : Mapped URL path [/**/favicon.ico] onto handler of type [class org.springframework.web.servlet.resource.ResourceHttpRequestHandler]
2018-08-27 14:36:03.594  INFO 10872 --- [restartedMain] s.w.s.m.m.a.RequestMappingHandlerAdapter : Looking for @ControllerAdvice: org.springframework.boot.web.servlet.context.AnnotationConfigServletWebServerApplicationContext@31657eb2: startup date [Mon Aug 27 14:36:02 BDT 2018]; root of context hierarchy
2018-08-27 14:36:03.627  INFO 10872 --- [restartedMain] s.w.s.m.m.a.RequestMappingHandlerMapping : Mapped "{[/],methods=[GET]}" onto public java.lang.String com.example.eclecommerce.controllers.HomeController.home()
2018-08-27 14:36:03.631  INFO 10872 --- [restartedMain] s.w.s.m.m.a.RequestMappingHandlerMapping : Mapped "{[/error]}" onto public org.springframework.http.ResponseEntity<java.util.Map<java.lang.String, java.lang.Object>> org.springframework.boot.autoconfigure.web.servlet.error.BasicErrorController.error(javax.servlet.http.HttpServletRequest)
2018-08-27 14:36:03.631  INFO 10872 --- [restartedMain] s.w.s.m.m.a.RequestMappingHandlerMapping : Mapped "{[/error],produces=[text/html]}" onto public org.springframework.web.servlet.ModelAndView org.springframework.boot.autoconfigure.web.servlet.error.BasicErrorController.errorHtml(javax.servlet.http.HttpServletRequest,javax.servlet.http.HttpServletResponse)
2018-08-27 14:36:03.648  INFO 10872 --- [restartedMain] o.s.w.s.handler.SimpleUrlHandlerMapping  : Mapped URL path [/webjars/**] onto handler of type [class org.springframework.web.servlet.resource.ResourceHttpRequestHandler]
2018-08-27 14:36:03.648  INFO 10872 --- [restartedMain] o.s.w.s.handler.SimpleUrlHandlerMapping  : Mapped URL path [/**] onto handler of type [class org.springframework.web.servlet.resource.ResourceHttpRequestHandler]
2018-08-27 14:36:03.811  INFO 10872 --- [restartedMain] o.s.b.a.w.s.WelcomePageHandlerMapping    : Adding welcome page template: index
2018-08-27 14:36:03.885  INFO 10872 --- [restartedMain] o.s.b.d.a.OptionalLiveReloadServer       : LiveReload server is running on port 35729
2018-08-27 14:36:03.903  INFO 10872 --- [restartedMain] o.s.j.e.a.AnnotationMBeanExporter        : Registering beans for JMX exposure on startup
2018-08-27 14:36:03.931  INFO 10872 --- [restartedMain] o.s.b.w.embedded.tomcat.TomcatWebServer  : Tomcat started on port(s): 8080 (http) with context path ''
2018-08-27 14:36:03.935  INFO 10872 --- [restartedMain] c.e.e.EclEcommerceApplication            : Started EclEcommerceApplication in 1.685 seconds (JVM running for 2.142)
2018-08-27 16:10:53.782  INFO 11308 --- [main] c.e.e.EclEcommerceApplicationTests       : Starting EclEcommerceApplicationTests on DESKTOP-Q16M7MI with PID 11308 (started by Md Jihad Hossain in E:\STS-Workplace\ecl-ecommerce)
2018-08-27 16:10:53.802  INFO 11308 --- [main] c.e.e.EclEcommerceApplicationTests       : No active profile set, falling back to default profiles: default
2018-08-27 16:10:54.688  INFO 11308 --- [main] o.s.w.c.s.GenericWebApplicationContext   : Refreshing org.springframework.web.context.support.GenericWebApplicationContext@23f5b5dc: startup date [Mon Aug 27 16:10:54 BDT 2018]; root of context hierarchy
2018-08-27 16:10:56.871  INFO 11308 --- [main] o.s.w.s.handler.SimpleUrlHandlerMapping  : Mapped URL path [/**/favicon.ico] onto handler of type [class org.springframework.web.servlet.resource.ResourceHttpRequestHandler]
2018-08-27 16:10:57.429  INFO 11308 --- [main] s.w.s.m.m.a.RequestMappingHandlerAdapter : Looking for @ControllerAdvice: org.springframework.web.context.support.GenericWebApplicationContext@23f5b5dc: startup date [Mon Aug 27 16:10:54 BDT 2018]; root of context hierarchy
2018-08-27 16:10:57.522  INFO 11308 --- [main] s.w.s.m.m.a.RequestMappingHandlerMapping : Mapped "{[/],methods=[GET]}" onto public java.lang.String com.example.eclecommerce.controllers.HomeController.home()
2018-08-27 16:10:57.526  INFO 11308 --- [main] s.w.s.m.m.a.RequestMappingHandlerMapping : Mapped "{[/error]}" onto public org.springframework.http.ResponseEntity<java.util.Map<java.lang.String, java.lang.Object>> org.springframework.boot.autoconfigure.web.servlet.error.BasicErrorController.error(javax.servlet.http.HttpServletRequest)
2018-08-27 16:10:57.527  INFO 11308 --- [main] s.w.s.m.m.a.RequestMappingHandlerMapping : Mapped "{[/error],produces=[text/html]}" onto public org.springframework.web.servlet.ModelAndView org.springframework.boot.autoconfigure.web.servlet.error.BasicErrorController.errorHtml(javax.servlet.http.HttpServletRequest,javax.servlet.http.HttpServletResponse)
2018-08-27 16:10:57.547  INFO 11308 --- [main] o.s.w.s.handler.SimpleUrlHandlerMapping  : Mapped URL path [/webjars/**] onto handler of type [class org.springframework.web.servlet.resource.ResourceHttpRequestHandler]
2018-08-27 16:10:57.547  INFO 11308 --- [main] o.s.w.s.handler.SimpleUrlHandlerMapping  : Mapped URL path [/**] onto handler of type [class org.springframework.web.servlet.resource.ResourceHttpRequestHandler]
2018-08-27 16:10:58.191  INFO 11308 --- [main] o.s.b.a.w.s.WelcomePageHandlerMapping    : Adding welcome page template: index
2018-08-27 16:10:58.399  INFO 11308 --- [main] c.e.e.EclEcommerceApplicationTests       : Started EclEcommerceApplicationTests in 5.626 seconds (JVM running for 8.246)
2018-08-27 16:10:58.650  INFO 11308 --- [Thread-3] o.s.w.c.s.GenericWebApplicationContext   : Closing org.springframework.web.context.support.GenericWebApplicationContext@23f5b5dc: startup date [Mon Aug 27 16:10:54 BDT 2018]; root of context hierarchy
2018-08-27 16:13:04.773  INFO 2740 --- [main] c.e.e.EclEcommerceApplicationTests       : Starting EclEcommerceApplicationTests on DESKTOP-Q16M7MI with PID 2740 (started by Md Jihad Hossain in E:\STS-Workplace\ecl-ecommerce)
2018-08-27 16:13:04.774  INFO 2740 --- [main] c.e.e.EclEcommerceApplicationTests       : No active profile set, falling back to default profiles: default
2018-08-27 16:13:05.059  INFO 2740 --- [main] o.s.w.c.s.GenericWebApplicationContext   : Refreshing org.springframework.web.context.support.GenericWebApplicationContext@782859e: startup date [Mon Aug 27 16:13:05 BDT 2018]; root of context hierarchy
2018-08-27 16:13:06.126  INFO 2740 --- [main] o.s.w.s.handler.SimpleUrlHandlerMapping  : Mapped URL path [/**/favicon.ico] onto handler of type [class org.springframework.web.servlet.resource.ResourceHttpRequestHandler]
2018-08-27 16:13:06.332  INFO 2740 --- [main] s.w.s.m.m.a.RequestMappingHandlerAdapter : Looking for @ControllerAdvice: org.springframework.web.context.support.GenericWebApplicationContext@782859e: startup date [Mon Aug 27 16:13:05 BDT 2018]; root of context hierarchy
2018-08-27 16:13:06.396  INFO 2740 --- [main] s.w.s.m.m.a.RequestMappingHandlerMapping : Mapped "{[/],methods=[GET]}" onto public java.lang.String com.example.eclecommerce.controllers.HomeController.home()
2018-08-27 16:13:06.399  INFO 2740 --- [main] s.w.s.m.m.a.RequestMappingHandlerMapping : Mapped "{[/error]}" onto public org.springframework.http.ResponseEntity<java.util.Map<java.lang.String, java.lang.Object>> org.springframework.boot.autoconfigure.web.servlet.error.BasicErrorController.error(javax.servlet.http.HttpServletRequest)
2018-08-27 16:13:06.400  INFO 2740 --- [main] s.w.s.m.m.a.RequestMappingHandlerMapping : Mapped "{[/error],produces=[text/html]}" onto public org.springframework.web.servlet.ModelAndView org.springframework.boot.autoconfigure.web.servlet.error.BasicErrorController.errorHtml(javax.servlet.http.HttpServletRequest,javax.servlet.http.HttpServletResponse)
2018-08-27 16:13:06.420  INFO 2740 --- [main] o.s.w.s.handler.SimpleUrlHandlerMapping  : Mapped URL path [/webjars/**] onto handler of type [class org.springframework.web.servlet.resource.ResourceHttpRequestHandler]
2018-08-27 16:13:06.421  INFO 2740 --- [main] o.s.w.s.handler.SimpleUrlHandlerMapping  : Mapped URL path [/**] onto handler of type [class org.springframework.web.servlet.resource.ResourceHttpRequestHandler]
2018-08-27 16:13:06.773  INFO 2740 --- [main] o.s.b.a.w.s.WelcomePageHandlerMapping    : Adding welcome page template: index
2018-08-27 16:13:06.940  INFO 2740 --- [main] c.e.e.EclEcommerceApplicationTests       : Started EclEcommerceApplicationTests in 2.44 seconds (JVM running for 3.182)
2018-08-27 16:13:07.076  INFO 2740 --- [Thread-3] o.s.w.c.s.GenericWebApplicationContext   : Closing org.springframework.web.context.support.GenericWebApplicationContext@782859e: startup date [Mon Aug 27 16:13:05 BDT 2018]; root of context hierarchy
2018-08-27 16:15:43.222  INFO 14092 --- [main] c.e.e.EclEcommerceApplicationTests       : Starting EclEcommerceApplicationTests on DESKTOP-Q16M7MI with PID 14092 (started by Md Jihad Hossain in E:\STS-Workplace\ecl-ecommerce)
2018-08-27 16:15:43.226  INFO 14092 --- [main] c.e.e.EclEcommerceApplicationTests       : No active profile set, falling back to default profiles: default
2018-08-27 16:15:43.430  INFO 14092 --- [main] o.s.w.c.s.GenericWebApplicationContext   : Refreshing org.springframework.web.context.support.GenericWebApplicationContext@782859e: startup date [Mon Aug 27 16:15:43 BDT 2018]; root of context hierarchy
2018-08-27 16:15:44.568  INFO 14092 --- [main] o.s.w.s.handler.SimpleUrlHandlerMapping  : Mapped URL path [/**/favicon.ico] onto handler of type [class org.springframework.web.servlet.resource.ResourceHttpRequestHandler]
2018-08-27 16:15:44.745  INFO 14092 --- [main] s.w.s.m.m.a.RequestMappingHandlerAdapter : Looking for @ControllerAdvice: org.springframework.web.context.support.GenericWebApplicationContext@782859e: startup date [Mon Aug 27 16:15:43 BDT 2018]; root of context hierarchy
2018-08-27 16:15:44.811  INFO 14092 --- [main] s.w.s.m.m.a.RequestMappingHandlerMapping : Mapped "{[/],methods=[GET]}" onto public java.lang.String com.example.eclecommerce.controllers.HomeController.home()
2018-08-27 16:15:44.817  INFO 14092 --- [main] s.w.s.m.m.a.RequestMappingHandlerMapping : Mapped "{[/error]}" onto public org.springframework.http.ResponseEntity<java.util.Map<java.lang.String, java.lang.Object>> org.springframework.boot.autoconfigure.web.servlet.error.BasicErrorController.error(javax.servlet.http.HttpServletRequest)
2018-08-27 16:15:44.818  INFO 14092 --- [main] s.w.s.m.m.a.RequestMappingHandlerMapping : Mapped "{[/error],produces=[text/html]}" onto public org.springframework.web.servlet.ModelAndView org.springframework.boot.autoconfigure.web.servlet.error.BasicErrorController.errorHtml(javax.servlet.http.HttpServletRequest,javax.servlet.http.HttpServletResponse)
2018-08-27 16:15:44.838  INFO 14092 --- [main] o.s.w.s.handler.SimpleUrlHandlerMapping  : Mapped URL path [/webjars/**] onto handler of type [class org.springframework.web.servlet.resource.ResourceHttpRequestHandler]
2018-08-27 16:15:44.838  INFO 14092 --- [main] o.s.w.s.handler.SimpleUrlHandlerMapping  : Mapped URL path [/**] onto handler of type [class org.springframework.web.servlet.resource.ResourceHttpRequestHandler]
2018-08-27 16:15:45.153  INFO 14092 --- [main] o.s.b.a.w.s.WelcomePageHandlerMapping    : Adding welcome page template: index
2018-08-27 16:15:45.295  INFO 14092 --- [main] c.e.e.EclEcommerceApplicationTests       : Started EclEcommerceApplicationTests in 2.326 seconds (JVM running for 3.047)
2018-08-27 16:15:45.449  INFO 14092 --- [Thread-3] o.s.w.c.s.GenericWebApplicationContext   : Closing org.springframework.web.context.support.GenericWebApplicationContext@782859e: startup date [Mon Aug 27 16:15:43 BDT 2018]; root of context hierarchy
2018-08-27 16:24:47.614  INFO 13988 --- [restartedMain] c.e.e.EclEcommerceApplication            : Starting EclEcommerceApplication on DESKTOP-Q16M7MI with PID 13988 (E:\STS-Workplace\ecl-ecommerce\target\classes started by Md Jihad Hossain in E:\STS-Workplace\ecl-ecommerce)
2018-08-27 16:24:47.615  INFO 13988 --- [restartedMain] c.e.e.EclEcommerceApplication            : No active profile set, falling back to default profiles: default
2018-08-27 16:24:47.753  INFO 13988 --- [restartedMain] ConfigServletWebServerApplicationContext : Refreshing org.springframework.boot.web.servlet.context.AnnotationConfigServletWebServerApplicationContext@53795f6b: startup date [Mon Aug 27 16:24:47 BDT 2018]; root of context hierarchy
2018-08-27 16:24:48.445  INFO 13988 --- [restartedMain] o.s.b.w.embedded.tomcat.TomcatWebServer  : Tomcat initialized with port(s): 8080 (http)
2018-08-27 16:24:48.464  INFO 13988 --- [restartedMain] o.apache.catalina.core.StandardService   : Starting service [Tomcat]
2018-08-27 16:24:48.465  INFO 13988 --- [restartedMain] org.apache.catalina.core.StandardEngine  : Starting Servlet Engine: Apache Tomcat/8.5.32
2018-08-27 16:24:48.468  INFO 13988 --- [localhost-startStop-1] o.a.catalina.core.AprLifecycleListener   : The APR based Apache Tomcat Native library which allows optimal performance in production environments was not found on the java.library.path: [C:\Program Files\Java\jre1.8.0_171\bin;C:\WINDOWS\Sun\Java\bin;C:\WINDOWS\system32;C:\WINDOWS;C:/Program Files/Java/jre1.8.0_171/bin/server;C:/Program Files/Java/jre1.8.0_171/bin;C:/Program Files/Java/jre1.8.0_171/lib/amd64;C:\jet15.0-eval-amd64\bin;C:\Program Files (x86)\Common Files\Oracle\Java\javapath;C:\ProgramData\Oracle\Java\javapath;C:\WINDOWS\system32;C:\WINDOWS;C:\WINDOWS\System32\Wbem;C:\WINDOWS\System32\WindowsPowerShell\v1.0\;C:\Program Files\Java\jdk1.8.0_161\bin;C:\Program Files\Java\jre1.8.0_161\bin;C:\Program Files (x86)\Windows Kits\8.1\Windows Performance Toolkit\;C:\Program Files\Microsoft SQL Server\110\Tools\Binn\;C:\Program Files\MySQL\MySQL Utilities 1.6\;C:\Program Files (x86)\Brackets\command;C:\WINDOWS\System32\OpenSSH\;C:\Program Files\Git\cmd;C:\Program Files\Apache Software Foundation\apache-maven-3.5.4\bin;C:\Program Files\Java\jdk1.8.0_161\bin;C:\ProgramData\Oracle\Java\javapath;C:\WINDOWS\system32;C:\WINDOWS;C:\WINDOWS\System32\Wbem;C:\WINDOWS\System32\WindowsPowerShell\v1.0\;C:\Program Files\Java\jdk1.8.0_161\bin;C:\Program Files\Java\jre1.8.0_161\bin;C:\Users\Md Jihad Hossain\AppData\Local\Microsoft\WindowsApps;C:\Program Files\Apache Software Foundation\apache-maven-3.5.4\bin;;E:\sts-bundle\sts-3.9.4.RELEASE;;.]
2018-08-27 16:24:48.525  INFO 13988 --- [localhost-startStop-1] o.a.c.c.C.[Tomcat].[localhost].[/]       : Initializing Spring embedded WebApplicationContext
2018-08-27 16:24:48.525  INFO 13988 --- [localhost-startStop-1] o.s.web.context.ContextLoader            : Root WebApplicationContext: initialization completed in 772 ms
2018-08-27 16:24:48.565  INFO 13988 --- [localhost-startStop-1] o.s.b.w.servlet.ServletRegistrationBean  : Servlet dispatcherServlet mapped to [/]
2018-08-27 16:24:48.567  INFO 13988 --- [localhost-startStop-1] o.s.b.w.servlet.FilterRegistrationBean   : Mapping filter: 'characterEncodingFilter' to: [/*]
2018-08-27 16:24:48.568  INFO 13988 --- [localhost-startStop-1] o.s.b.w.servlet.FilterRegistrationBean   : Mapping filter: 'hiddenHttpMethodFilter' to: [/*]
2018-08-27 16:24:48.568  INFO 13988 --- [localhost-startStop-1] o.s.b.w.servlet.FilterRegistrationBean   : Mapping filter: 'httpPutFormContentFilter' to: [/*]
2018-08-27 16:24:48.568  INFO 13988 --- [localhost-startStop-1] o.s.b.w.servlet.FilterRegistrationBean   : Mapping filter: 'requestContextFilter' to: [/*]
2018-08-27 16:24:48.631  INFO 13988 --- [restartedMain] o.s.w.s.handler.SimpleUrlHandlerMapping  : Mapped URL path [/**/favicon.ico] onto handler of type [class org.springframework.web.servlet.resource.ResourceHttpRequestHandler]
2018-08-27 16:24:48.739  INFO 13988 --- [restartedMain] s.w.s.m.m.a.RequestMappingHandlerAdapter : Looking for @ControllerAdvice: org.springframework.boot.web.servlet.context.AnnotationConfigServletWebServerApplicationContext@53795f6b: startup date [Mon Aug 27 16:24:47 BDT 2018]; root of context hierarchy
2018-08-27 16:24:48.772  INFO 13988 --- [restartedMain] s.w.s.m.m.a.RequestMappingHandlerMapping : Mapped "{[/],methods=[GET]}" onto public java.lang.String com.example.eclecommerce.controllers.HomeController.home()
2018-08-27 16:24:48.776  INFO 13988 --- [restartedMain] s.w.s.m.m.a.RequestMappingHandlerMapping : Mapped "{[/error]}" onto public org.springframework.http.ResponseEntity<java.util.Map<java.lang.String, java.lang.Object>> org.springframework.boot.autoconfigure.web.servlet.error.BasicErrorController.error(javax.servlet.http.HttpServletRequest)
2018-08-27 16:24:48.777  INFO 13988 --- [restartedMain] s.w.s.m.m.a.RequestMappingHandlerMapping : Mapped "{[/error],produces=[text/html]}" onto public org.springframework.web.servlet.ModelAndView org.springframework.boot.autoconfigure.web.servlet.error.BasicErrorController.errorHtml(javax.servlet.http.HttpServletRequest,javax.servlet.http.HttpServletResponse)
2018-08-27 16:24:48.792  INFO 13988 --- [restartedMain] o.s.w.s.handler.SimpleUrlHandlerMapping  : Mapped URL path [/webjars/**] onto handler of type [class org.springframework.web.servlet.resource.ResourceHttpRequestHandler]
2018-08-27 16:24:48.792  INFO 13988 --- [restartedMain] o.s.w.s.handler.SimpleUrlHandlerMapping  : Mapped URL path [/**] onto handler of type [class org.springframework.web.servlet.resource.ResourceHttpRequestHandler]
2018-08-27 16:24:48.971  INFO 13988 --- [restartedMain] o.s.b.a.w.s.WelcomePageHandlerMapping    : Adding welcome page template: index
2018-08-27 16:24:49.057  INFO 13988 --- [restartedMain] o.s.b.d.a.OptionalLiveReloadServer       : LiveReload server is running on port 35729
2018-08-27 16:24:49.075  INFO 13988 --- [restartedMain] o.s.j.e.a.AnnotationMBeanExporter        : Registering beans for JMX exposure on startup
2018-08-27 16:24:49.101  INFO 13988 --- [restartedMain] o.s.b.w.embedded.tomcat.TomcatWebServer  : Tomcat started on port(s): 8080 (http) with context path ''
2018-08-27 16:24:49.104  INFO 13988 --- [restartedMain] c.e.e.EclEcommerceApplication            : Started EclEcommerceApplication in 1.683 seconds (JVM running for 2.366)
2018-08-27 16:24:59.292  INFO 13988 --- [http-nio-8080-exec-1] o.a.c.c.C.[Tomcat].[localhost].[/]       : Initializing Spring FrameworkServlet 'dispatcherServlet'
2018-08-27 16:24:59.292  INFO 13988 --- [http-nio-8080-exec-1] o.s.web.servlet.DispatcherServlet        : FrameworkServlet 'dispatcherServlet': initialization started
2018-08-27 16:24:59.304  INFO 13988 --- [http-nio-8080-exec-1] o.s.web.servlet.DispatcherServlet        : FrameworkServlet 'dispatcherServlet': initialization completed in 11 ms
2018-08-27 16:25:03.702  WARN 13988 --- [http-nio-8080-exec-3] n.n.u.t.decorators.DecoratorProcessor    : The layout:decorator/data-layout-decorator processor has been deprecated and will be removed in the next major version of the layout dialect.  Please use layout:decorate/data-layout-decorate instead to future-proof your code.  See https://github.com/ultraq/thymeleaf-layout-dialect/issues/95 for more information.
2018-08-27 16:25:03.759  WARN 13988 --- [http-nio-8080-exec-3] n.n.u.t.expressions.ExpressionProcessor  : Fragment expression "layouts/header_footer" is being wrapped as a Thymeleaf 3 fragment expression (~{...}) for backwards compatibility purposes.  This wrapping will be dropped in the next major version of the expression processor, so please rewrite as a Thymeleaf 3 fragment expression to future-proof your code.  See https://github.com/thymeleaf/thymeleaf/issues/451 for more information.
2018-08-27 16:25:50.589  INFO 13988 --- [RMI TCP Connection(2)-127.0.0.1] inMXBeanRegistrar$SpringApplicationAdmin : Application shutdown requested.
2018-08-27 16:25:50.589  INFO 13988 --- [RMI TCP Connection(2)-127.0.0.1] ConfigServletWebServerApplicationContext : Closing org.springframework.boot.web.servlet.context.AnnotationConfigServletWebServerApplicationContext@53795f6b: startup date [Mon Aug 27 16:24:47 BDT 2018]; root of context hierarchy
2018-08-27 16:25:50.591  INFO 13988 --- [RMI TCP Connection(2)-127.0.0.1] o.s.j.e.a.AnnotationMBeanExporter        : Unregistering JMX-exposed beans on shutdown
